# JRE version: Java(TM) SE Runtime Environment (7.0_40-b43) (build 1.7.0_40-b43)
# Java VM: Java HotSpot(TM) 64-Bit Server VM (24.0-b56 mixed mode windows-amd64 compressed oops)
Heap
 PSYoungGen      total 72704K, used 11332K [0x00000000eb200000, 0x00000000f0000000, 0x0000000100000000)
  eden space 65536K, 9% used [0x00000000eb200000,0x00000000eb8125c8,0x00000000ef200000)
  from space 7168K, 71% used [0x00000000ef900000,0x00000000efdfebb8,0x00000000f0000000)
  to   space 7168K, 0% used [0x00000000ef200000,0x00000000ef200000,0x00000000ef900000)
 ParOldGen       total 42496K, used 8376K [0x00000000c1600000, 0x00000000c3f80000, 0x00000000eb200000)
  object space 42496K, 19% used [0x00000000c1600000,0x00000000c1e2e250,0x00000000c3f80000)
 PSPermGen       total 21504K, used 19639K [0x00000000bc400000, 0x00000000bd900000, 0x00000000c1600000)
  object space 21504K, 91% used [0x00000000bc400000,0x00000000bd72dfd0,0x00000000bd900000)
GC Heap History (10 events):
Event: 1.726 GC heap before
{Heap before GC invocations=2 (full 0):
 PSYoungGen      total 18944K, used 18879K [0x00000000eb200000, 0x00000000ec700000, 0x0000000100000000)
  eden space 16384K, 100% used [0x00000000eb200000,0x00000000ec200000,0x00000000ec200000)
  from space 2560K, 97% used [0x00000000ec200000,0x00000000ec46fce8,0x00000000ec480000)
  to   space 2560K, 0% used [0x00000000ec480000,0x00000000ec480000,0x00000000ec700000)
 ParOldGen       total 42496K, used 8K [0x00000000c1600000, 0x00000000c3f80000, 0x00000000eb200000)
  object space 42496K, 0% used [0x00000000c1600000,0x00000000c1602000,0x00000000c3f80000)
 PSPermGen       total 21504K, used 11965K [0x00000000bc400000, 0x00000000bd900000, 0x00000000c1600000)
  object space 21504K, 55% used [0x00000000bc400000,0x00000000bcfaf798,0x00000000bd900000)
Event: 1.733 GC heap after
Heap after GC invocations=2 (full 0):
 PSYoungGen      total 18944K, used 2530K [0x00000000eb200000, 0x00000000ec700000, 0x0000000100000000)
  eden space 16384K, 0% used [0x00000000eb200000,0x00000000eb200000,0x00000000ec200000)
  from space 2560K, 98% used [0x00000000ec480000,0x00000000ec6f8b88,0x00000000ec700000)
  to   space 2560K, 0% used [0x00000000ec200000,0x00000000ec200000,0x00000000ec480000)
 ParOldGen       total 42496K, used 1245K [0x00000000c1600000, 0x00000000c3f80000, 0x00000000eb200000)
  object space 42496K, 2% used [0x00000000c1600000,0x00000000c1737638,0x00000000c3f80000)
 PSPermGen       total 21504K, used 11965K [0x00000000bc400000, 0x00000000bd900000, 0x00000000c1600000)
  object space 21504K, 55% used [0x00000000bc400000,0x00000000bcfaf798,0x00000000bd900000)
}
Event: 2.215 GC heap before
{Heap before GC invocations=3 (full 0):
 PSYoungGen      total 18944K, used 18914K [0x00000000eb200000, 0x00000000ec700000, 0x0000000100000000)
  eden space 16384K, 100% used [0x00000000eb200000,0x00000000ec200000,0x00000000ec200000)
  from space 2560K, 98% used [0x00000000ec480000,0x00000000ec6f8b88,0x00000000ec700000)
  to   space 2560K, 0% used [0x00000000ec200000,0x00000000ec200000,0x00000000ec480000)
 ParOldGen       total 42496K, used 1245K [0x00000000c1600000, 0x00000000c3f80000, 0x00000000eb200000)
  object space 42496K, 2% used [0x00000000c1600000,0x00000000c1737638,0x00000000c3f80000)
 PSPermGen       total 21504K, used 14076K [0x00000000bc400000, 0x00000000bd900000, 0x00000000c1600000)
  object space 21504K, 65% used [0x00000000bc400000,0x00000000bd1bf068,0x00000000bd900000)
Event: 2.236 GC heap after
Heap after GC invocations=3 (full 0):
 PSYoungGen      total 18944K, used 2552K [0x00000000eb200000, 0x00000000ed700000, 0x0000000100000000)
  eden space 16384K, 0% used [0x00000000eb200000,0x00000000eb200000,0x00000000ec200000)
  from space 2560K, 99% used [0x00000000ec200000,0x00000000ec47e3d8,0x00000000ec480000)
  to   space 2560K, 0% used [0x00000000ed480000,0x00000000ed480000,0x00000000ed700000)
 ParOldGen       total 42496K, used 2261K [0x00000000c1600000, 0x00000000c3f80000, 0x00000000eb200000)
  object space 42496K, 5% used [0x00000000c1600000,0x00000000c18356c8,0x00000000c3f80000)
 PSPermGen       total 21504K, used 14076K [0x00000000bc400000, 0x00000000bd900000, 0x00000000c1600000)
  object space 21504K, 65% used [0x00000000bc400000,0x00000000bd1bf068,0x00000000bd900000)
}
Event: 2.852 GC heap before
{Heap before GC invocations=4 (full 0):
 PSYoungGen      total 18944K, used 18936K [0x00000000eb200000, 0x00000000ed700000, 0x0000000100000000)
  eden space 16384K, 100% used [0x00000000eb200000,0x00000000ec200000,0x00000000ec200000)
  from space 2560K, 99% used [0x00000000ec200000,0x00000000ec47e3d8,0x00000000ec480000)
  to   space 2560K, 0% used [0x00000000ed480000,0x00000000ed480000,0x00000000ed700000)
 ParOldGen       total 42496K, used 2261K [0x00000000c1600000, 0x00000000c3f80000, 0x00000000eb200000)
  object space 42496K, 5% used [0x00000000c1600000,0x00000000c18356c8,0x00000000c3f80000)
 PSPermGen       total 21504K, used 15450K [0x00000000bc400000, 0x00000000bd900000, 0x00000000c1600000)
  object space 21504K, 71% used [0x00000000bc400000,0x00000000bd316ac0,0x00000000bd900000)
Event: 2.861 GC heap after
Heap after GC invocations=4 (full 0):
 PSYoungGen      total 35328K, used 2544K [0x00000000eb200000, 0x00000000ed700000, 0x0000000100000000)
  eden space 32768K, 0% used [0x00000000eb200000,0x00000000eb200000,0x00000000ed200000)
  from space 2560K, 99% used [0x00000000ed480000,0x00000000ed6fc040,0x00000000ed700000)
  to   space 2560K, 0% used [0x00000000ed200000,0x00000000ed200000,0x00000000ed480000)
 ParOldGen       total 42496K, used 4013K [0x00000000c1600000, 0x00000000c3f80000, 0x00000000eb200000)
  object space 42496K, 9% used [0x00000000c1600000,0x00000000c19eb4a0,0x00000000c3f80000)
 PSPermGen       total 21504K, used 15450K [0x00000000bc400000, 0x00000000bd900000, 0x00000000c1600000)
  object space 21504K, 71% used [0x00000000bc400000,0x00000000bd316ac0,0x00000000bd900000)
}
Event: 3.369 GC heap before
{Heap before GC invocations=5 (full 0):
 PSYoungGen      total 35328K, used 35312K [0x00000000eb200000, 0x00000000ed700000, 0x0000000100000000)
  eden space 32768K, 100% used [0x00000000eb200000,0x00000000ed200000,0x00000000ed200000)
  from space 2560K, 99% used [0x00000000ed480000,0x00000000ed6fc040,0x00000000ed700000)
  to   space 2560K, 0% used [0x00000000ed200000,0x00000000ed200000,0x00000000ed480000)
 ParOldGen       total 42496K, used 4013K [0x00000000c1600000, 0x00000000c3f80000, 0x00000000eb200000)
  object space 42496K, 9% used [0x00000000c1600000,0x00000000c19eb4a0,0x00000000c3f80000)
 PSPermGen       total 21504K, used 15977K [0x00000000bc400000, 0x00000000bd900000, 0x00000000c1600000)
  object space 21504K, 74% used [0x00000000bc400000,0x00000000bd39a6e0,0x00000000bd900000)
Event: 3.395 GC heap after
Heap after GC invocations=5 (full 0):
 PSYoungGen      total 35328K, used 2528K [0x00000000eb200000, 0x00000000f0000000, 0x0000000100000000)
  eden space 32768K, 0% used [0x00000000eb200000,0x00000000eb200000,0x00000000ed200000)
  from space 2560K, 98% used [0x00000000ed200000,0x00000000ed478050,0x00000000ed480000)
  to   space 7168K, 0% used [0x00000000ef900000,0x00000000ef900000,0x00000000f0000000)
 ParOldGen       total 42496K, used 8368K [0x00000000c1600000, 0x00000000c3f80000, 0x00000000eb200000)
  object space 42496K, 19% used [0x00000000c1600000,0x00000000c1e2c250,0x00000000c3f80000)
 PSPermGen       total 21504K, used 15977K [0x00000000bc400000, 0x00000000bd900000, 0x00000000c1600000)
  object space 21504K, 74% used [0x00000000bc400000,0x00000000bd39a6e0,0x00000000bd900000)
}
Event: 4.022 GC heap before
{Heap before GC invocations=6 (full 0):
 PSYoungGen      total 35328K, used 35296K [0x00000000eb200000, 0x00000000f0000000, 0x0000000100000000)
  eden space 32768K, 100% used [0x00000000eb200000,0x00000000ed200000,0x00000000ed200000)
  from space 2560K, 98% used [0x00000000ed200000,0x00000000ed478050,0x00000000ed480000)
  to   space 7168K, 0% used [0x00000000ef900000,0x00000000ef900000,0x00000000f0000000)
 ParOldGen       total 42496K, used 8368K [0x00000000c1600000, 0x00000000c3f80000, 0x00000000eb200000)
  object space 42496K, 19% used [0x00000000c1600000,0x00000000c1e2c250,0x00000000c3f80000)
 PSPermGen       total 21504K, used 18459K [0x00000000bc400000, 0x00000000bd900000, 0x00000000c1600000)
  object space 21504K, 85% used [0x00000000bc400000,0x00000000bd606ec0,0x00000000bd900000)
Event: 4.031 GC heap after
Heap after GC invocations=6 (full 0):
 PSYoungGen      total 72704K, used 5114K [0x00000000eb200000, 0x00000000f0000000, 0x0000000100000000)
  eden space 65536K, 0% used [0x00000000eb200000,0x00000000eb200000,0x00000000ef200000)
  from space 7168K, 71% used [0x00000000ef900000,0x00000000efdfebb8,0x00000000f0000000)
  to   space 7168K, 0% used [0x00000000ef200000,0x00000000ef200000,0x00000000ef900000)
 ParOldGen       total 42496K, used 8376K [0x00000000c1600000, 0x00000000c3f80000, 0x00000000eb200000)
  object space 42496K, 19% used [0x00000000c1600000,0x00000000c1e2e250,0x00000000c3f80000)
 PSPermGen       total 21504K, used 18459K [0x00000000bc400000, 0x00000000bd900000, 0x00000000c1600000)
  object space 21504K, 85% used [0x00000000bc400000,0x00000000bd606ec0,0x00000000bd900000)
}

