# JRE version: Java(TM) SE Runtime Environment (7.0_40-b43) (build 1.7.0_40-b43)
# Java VM: Java HotSpot(TM) 64-Bit Server VM (24.0-b56 mixed mode windows-amd64 compressed oops)
Heap
 PSYoungGen      total 18944K, used 10242K [0x00000000eb200000, 0x00000000ec700000, 0x0000000100000000)
  eden space 16384K, 46% used [0x00000000eb200000,0x00000000eb982988,0x00000000ec200000)
  from space 2560K, 99% used [0x00000000ec200000,0x00000000ec47df60,0x00000000ec480000)
  to   space 2560K, 0% used [0x00000000ec480000,0x00000000ec480000,0x00000000ec700000)
 ParOldGen       total 42496K, used 2274K [0x00000000c1600000, 0x00000000c3f80000, 0x00000000eb200000)
  object space 42496K, 5% used [0x00000000c1600000,0x00000000c1838ac0,0x00000000c3f80000)
 PSPermGen       total 21504K, used 14659K [0x00000000bc400000, 0x00000000bd900000, 0x00000000c1600000)
  object space 21504K, 68% used [0x00000000bc400000,0x00000000bd250fb0,0x00000000bd900000)
GC Heap History (6 events):
Event: 1.271 GC heap before
{Heap before GC invocations=1 (full 0):
 PSYoungGen      total 18944K, used 16384K [0x00000000eb200000, 0x00000000ec700000, 0x0000000100000000)
  eden space 16384K, 100% used [0x00000000eb200000,0x00000000ec200000,0x00000000ec200000)
  from space 2560K, 0% used [0x00000000ec480000,0x00000000ec480000,0x00000000ec700000)
  to   space 2560K, 0% used [0x00000000ec200000,0x00000000ec200000,0x00000000ec480000)
 ParOldGen       total 42496K, used 0K [0x00000000c1600000, 0x00000000c3f80000, 0x00000000eb200000)
  object space 42496K, 0% used [0x00000000c1600000,0x00000000c1600000,0x00000000c3f80000)
 PSPermGen       total 21504K, used 8766K [0x00000000bc400000, 0x00000000bd900000, 0x00000000c1600000)
  object space 21504K, 40% used [0x00000000bc400000,0x00000000bcc8f988,0x00000000bd900000)
Event: 1.278 GC heap after
Heap after GC invocations=1 (full 0):
 PSYoungGen      total 18944K, used 2495K [0x00000000eb200000, 0x00000000ec700000, 0x0000000100000000)
  eden space 16384K, 0% used [0x00000000eb200000,0x00000000eb200000,0x00000000ec200000)
  from space 2560K, 97% used [0x00000000ec200000,0x00000000ec46fce8,0x00000000ec480000)
  to   space 2560K, 0% used [0x00000000ec480000,0x00000000ec480000,0x00000000ec700000)
 ParOldGen       total 42496K, used 0K [0x00000000c1600000, 0x00000000c3f80000, 0x00000000eb200000)
  object space 42496K, 0% used [0x00000000c1600000,0x00000000c1600000,0x00000000c3f80000)
 PSPermGen       total 21504K, used 8766K [0x00000000bc400000, 0x00000000bd900000, 0x00000000c1600000)
  object space 21504K, 40% used [0x00000000bc400000,0x00000000bcc8f988,0x00000000bd900000)
}
Event: 1.653 GC heap before
{Heap before GC invocations=2 (full 0):
 PSYoungGen      total 18944K, used 18879K [0x00000000eb200000, 0x00000000ec700000, 0x0000000100000000)
  eden space 16384K, 100% used [0x00000000eb200000,0x00000000ec200000,0x00000000ec200000)
  from space 2560K, 97% used [0x00000000ec200000,0x00000000ec46fce8,0x00000000ec480000)
  to   space 2560K, 0% used [0x00000000ec480000,0x00000000ec480000,0x00000000ec700000)
 ParOldGen       total 42496K, used 0K [0x00000000c1600000, 0x00000000c3f80000, 0x00000000eb200000)
  object space 42496K, 0% used [0x00000000c1600000,0x00000000c1600000,0x00000000c3f80000)
 PSPermGen       total 21504K, used 11973K [0x00000000bc400000, 0x00000000bd900000, 0x00000000c1600000)
  object space 21504K, 55% used [0x00000000bc400000,0x00000000bcfb16a0,0x00000000bd900000)
Event: 1.660 GC heap after
Heap after GC invocations=2 (full 0):
 PSYoungGen      total 18944K, used 2557K [0x00000000eb200000, 0x00000000ec700000, 0x0000000100000000)
  eden space 16384K, 0% used [0x00000000eb200000,0x00000000eb200000,0x00000000ec200000)
  from space 2560K, 99% used [0x00000000ec480000,0x00000000ec6ff730,0x00000000ec700000)
  to   space 2560K, 0% used [0x00000000ec200000,0x00000000ec200000,0x00000000ec480000)
 ParOldGen       total 42496K, used 1257K [0x00000000c1600000, 0x00000000c3f80000, 0x00000000eb200000)
  object space 42496K, 2% used [0x00000000c1600000,0x00000000c173a7e0,0x00000000c3f80000)
 PSPermGen       total 21504K, used 11973K [0x00000000bc400000, 0x00000000bd900000, 0x00000000c1600000)
  object space 21504K, 55% used [0x00000000bc400000,0x00000000bcfb16a0,0x00000000bd900000)
}
Event: 2.170 GC heap before
{Heap before GC invocations=3 (full 0):
 PSYoungGen      total 18944K, used 18941K [0x00000000eb200000, 0x00000000ec700000, 0x0000000100000000)
  eden space 16384K, 100% used [0x00000000eb200000,0x00000000ec200000,0x00000000ec200000)
  from space 2560K, 99% used [0x00000000ec480000,0x00000000ec6ff730,0x00000000ec700000)
  to   space 2560K, 0% used [0x00000000ec200000,0x00000000ec200000,0x00000000ec480000)
 ParOldGen       total 42496K, used 1257K [0x00000000c1600000, 0x00000000c3f80000, 0x00000000eb200000)
  object space 42496K, 2% used [0x00000000c1600000,0x00000000c173a7e0,0x00000000c3f80000)
 PSPermGen       total 21504K, used 14069K [0x00000000bc400000, 0x00000000bd900000, 0x00000000c1600000)
  object space 21504K, 65% used [0x00000000bc400000,0x00000000bd1bd530,0x00000000bd900000)
Event: 2.177 GC heap after
Heap after GC invocations=3 (full 0):
 PSYoungGen      total 18944K, used 2551K [0x00000000eb200000, 0x00000000ec700000, 0x0000000100000000)
  eden space 16384K, 0% used [0x00000000eb200000,0x00000000eb200000,0x00000000ec200000)
  from space 2560K, 99% used [0x00000000ec200000,0x00000000ec47df60,0x00000000ec480000)
  to   space 2560K, 0% used [0x00000000ec480000,0x00000000ec480000,0x00000000ec700000)
 ParOldGen       total 42496K, used 2274K [0x00000000c1600000, 0x00000000c3f80000, 0x00000000eb200000)
  object space 42496K, 5% used [0x00000000c1600000,0x00000000c1838ac0,0x00000000c3f80000)
 PSPermGen       total 21504K, used 14069K [0x00000000bc400000, 0x00000000bd900000, 0x00000000c1600000)
  object space 21504K, 65% used [0x00000000bc400000,0x00000000bd1bd530,0x00000000bd900000)
}

